<?xml version="1.0" encoding="UTF-8"?>
<testsuite xmlns:xsi="http://www.w3.org/2001/XMLSchema-instance" xsi:noNamespaceSchemaLocation="https://maven.apache.org/surefire/maven-surefire-plugin/xsd/surefire-test-report.xsd" name="com.vehiclerental.management.VehicleTest" time="0.002" tests="7" errors="0" skipped="0" failures="0">
  <properties>
[...]
</properties>
  <testcase name="testRentVehicle" classname="com.vehiclerental.management.VehicleTest" time="0"/>
  <testcase name="testGetVehicleId" classname="com.vehiclerental.management.VehicleTest" time="0"/>
  <testcase name="testCalculateRentalCost" classname="com.vehiclerental.management.VehicleTest" time="0"/>
  <testcase name="testGetMake" classname="com.vehiclerental.management.VehicleTest" time="0"/>
  <testcase name="testReturnVehicle" classname="com.vehiclerental.management.VehicleTest" time="0"/>
  <testcase name="testVehicleCreation" classname="com.vehiclerental.management.VehicleTest" time="0"/>
  <testcase name="testDisplayDetails" classname="com.vehiclerental.management.VehicleTest" time="0.002"/>
</testsuite>